2016-08-12 10:59:48 INFO [org.springframework.web.servlet.DispatcherServlet] FrameworkServlet 'springMVC': initialization started
2016-08-12 10:59:48 INFO [org.springframework.web.context.support.XmlWebApplicationContext] Refreshing WebApplicationContext for namespace 'springMVC-servlet': startup date [Fri Aug 12 10:59:48 CST 2016]; root of context hierarchy
2016-08-12 10:59:48 INFO [org.springframework.beans.factory.xml.XmlBeanDefinitionReader] Loading XML bean definitions from class path resource [springmvc-servlet.xml]
2016-08-12 10:59:48 INFO [org.springframework.beans.factory.xml.XmlBeanDefinitionReader] Loading XML bean definitions from class path resource [mongo-config.xml]
2016-08-12 10:59:48 INFO [org.springframework.beans.factory.xml.XmlBeanDefinitionReader] Loading XML bean definitions from class path resource [mysql-config.xml]
2016-08-12 10:59:48 INFO [org.springframework.beans.factory.xml.XmlBeanDefinitionReader] Loading XML bean definitions from class path resource [redis-config.xml]
2016-08-12 10:59:49 INFO [org.springframework.beans.factory.config.PropertyPlaceholderConfigurer] Loading properties file from class path resource [system.properties]
2016-08-12 10:59:49 INFO [org.springframework.context.support.PropertySourcesPlaceholderConfigurer] Loading properties file from class path resource [system.properties]
2016-08-12 10:59:50 WARN [org.springframework.data.mongodb.core.convert.CustomConversions] Registering converter from class java.lang.Number to class java.lang.Number as writing converter although it doesn't convert to a Mongo supported type! You might wanna check you annotation setup at the converter implementation.
2016-08-12 10:59:50 INFO [com.alibaba.druid.pool.DruidDataSource] {dataSource-1} inited
2016-08-12 10:59:51 INFO [org.springframework.web.servlet.mvc.method.annotation.RequestMappingHandlerMapping] Mapped "{[/v1/go],methods=[GET]}" onto public java.lang.String com.ictwsn.api.APIController.go(javax.servlet.http.HttpServletRequest,javax.servlet.http.HttpServletResponse)
2016-08-12 10:59:51 INFO [org.springframework.web.servlet.mvc.method.annotation.RequestMappingHandlerMapping] Mapped "{[/v1/devices],methods=[GET]}" onto public java.lang.String com.ictwsn.api.APIController.listDevices(javax.servlet.http.HttpServletRequest,javax.servlet.http.HttpServletResponse)
2016-08-12 10:59:51 INFO [org.springframework.web.servlet.mvc.method.annotation.RequestMappingHandlerMapping] Mapped "{[/v1/device/{device_id}/sensor/{sensor_id}/datapoint/{timestamp}],methods=[GET]}" onto public java.lang.String com.ictwsn.api.APIController.datapointShow(javax.servlet.http.HttpServletRequest,javax.servlet.http.HttpServletResponse,int,int,java.lang.String)
2016-08-12 10:59:51 INFO [org.springframework.web.servlet.mvc.method.annotation.RequestMappingHandlerMapping] Mapped "{[/v1/device/{device_id}],methods=[PUT],consumes=[application/json]}" onto public java.lang.String com.ictwsn.api.APIController.deviceUpdate(javax.servlet.http.HttpServletRequest,javax.servlet.http.HttpServletResponse,int,java.lang.String)
2016-08-12 10:59:51 INFO [org.springframework.web.servlet.mvc.method.annotation.RequestMappingHandlerMapping] Mapped "{[/v1/device/{device_id}/sensor/{sensor_id}],methods=[GET]}" onto public java.lang.String com.ictwsn.api.APIController.sensorShow(javax.servlet.http.HttpServletRequest,javax.servlet.http.HttpServletResponse,int,int)
2016-08-12 10:59:51 INFO [org.springframework.web.servlet.mvc.method.annotation.RequestMappingHandlerMapping] Mapped "{[/v1/device/{device_id}],methods=[GET]}" onto public java.lang.String com.ictwsn.api.APIController.deviceShow(javax.servlet.http.HttpServletRequest,javax.servlet.http.HttpServletResponse,int)
2016-08-12 10:59:51 INFO [org.springframework.web.servlet.mvc.method.annotation.RequestMappingHandlerMapping] Mapped "{[/v1/device/{device_id}],methods=[DELETE]}" onto public java.lang.String com.ictwsn.api.APIController.deviceDelete(javax.servlet.http.HttpServletRequest,javax.servlet.http.HttpServletResponse,int)
2016-08-12 10:59:51 INFO [org.springframework.web.servlet.mvc.method.annotation.RequestMappingHandlerMapping] Mapped "{[/v1/device/{device_id}/sensor/{sensor_id}],methods=[DELETE]}" onto public java.lang.String com.ictwsn.api.APIController.sensorDelete(javax.servlet.http.HttpServletRequest,javax.servlet.http.HttpServletResponse,int,int)
2016-08-12 10:59:51 INFO [org.springframework.web.servlet.mvc.method.annotation.RequestMappingHandlerMapping] Mapped "{[/v1/device],methods=[POST],consumes=[application/json]}" onto public java.lang.String com.ictwsn.api.APIController.deviceCreate(javax.servlet.http.HttpServletRequest,javax.servlet.http.HttpServletResponse,java.lang.String)
2016-08-12 10:59:51 INFO [org.springframework.web.servlet.mvc.method.annotation.RequestMappingHandlerMapping] Mapped "{[/v1/device/{device_id}/sensor/{sensor_id}],methods=[PUT],consumes=[application/json]}" onto public java.lang.String com.ictwsn.api.APIController.sensorUpdate(javax.servlet.http.HttpServletRequest,javax.servlet.http.HttpServletResponse,int,int,java.lang.String)
2016-08-12 10:59:51 INFO [org.springframework.web.servlet.mvc.method.annotation.RequestMappingHandlerMapping] Mapped "{[/v1/device/{device_id}/sensor],methods=[POST],consumes=[application/json]}" onto public java.lang.String com.ictwsn.api.APIController.sensorCreate(javax.servlet.http.HttpServletRequest,javax.servlet.http.HttpServletResponse,int,java.lang.String)
2016-08-12 10:59:51 INFO [org.springframework.web.servlet.mvc.method.annotation.RequestMappingHandlerMapping] Mapped "{[/v1/device/{device_id}/sensors],methods=[GET]}" onto public java.lang.String com.ictwsn.api.APIController.listSensors(javax.servlet.http.HttpServletRequest,javax.servlet.http.HttpServletResponse,int)
2016-08-12 10:59:51 INFO [org.springframework.web.servlet.mvc.method.annotation.RequestMappingHandlerMapping] Mapped "{[/v1/sensor/{sensor_id}/datapoint/{object_id}],methods=[GET]}" onto public java.lang.String com.ictwsn.api.APIController.datapointSimpleShow(javax.servlet.http.HttpServletRequest,javax.servlet.http.HttpServletResponse,int,java.lang.String)
2016-08-12 10:59:51 INFO [org.springframework.web.servlet.mvc.method.annotation.RequestMappingHandlerMapping] Mapped "{[/v1/sensor/{sensor_id}/datapoints/count],methods=[GET]}" onto public java.lang.String com.ictwsn.api.APIController.getDatapointsCount(javax.servlet.http.HttpServletRequest,javax.servlet.http.HttpServletResponse,int,java.lang.String,java.lang.String)
2016-08-12 10:59:51 INFO [org.springframework.web.servlet.mvc.method.annotation.RequestMappingHandlerMapping] Mapped "{[/v1/sensor/{sensor_id}/datapoint],methods=[POST],consumes=[application/json]}" onto public java.lang.String com.ictwsn.api.APIController.datapointSimpleInsert(javax.servlet.http.HttpServletRequest,javax.servlet.http.HttpServletResponse,int,java.lang.String)
2016-08-12 10:59:51 INFO [org.springframework.web.servlet.mvc.method.annotation.RequestMappingHandlerMapping] Mapped "{[/v1/device/{device_id}/sensors/information],methods=[GET]}" onto public java.lang.String com.ictwsn.api.APIController.getSensorsInformation(javax.servlet.http.HttpServletRequest,javax.servlet.http.HttpServletResponse,int)
2016-08-12 10:59:51 INFO [org.springframework.web.servlet.mvc.method.annotation.RequestMappingHandlerMapping] Mapped "{[/v1/device/{device_id}/sensor/{sensor_id}/datapoints],methods=[POST],consumes=[application/json]}" onto public java.lang.String com.ictwsn.api.APIController.datapointBatchInsert(javax.servlet.http.HttpServletRequest,javax.servlet.http.HttpServletResponse,int,int,java.lang.String)
2016-08-12 10:59:51 INFO [org.springframework.web.servlet.mvc.method.annotation.RequestMappingHandlerMapping] Mapped "{[/v1/device/{device_id}/sensor/{sensor_id}/datapoint/{timestamp}],methods=[DELETE]}" onto public java.lang.String com.ictwsn.api.APIController.datapointDelete(javax.servlet.http.HttpServletRequest,javax.servlet.http.HttpServletResponse,int,int,java.lang.String)
2016-08-12 10:59:51 INFO [org.springframework.web.servlet.mvc.method.annotation.RequestMappingHandlerMapping] Mapped "{[/v1/sensor/{sensor_id}/datapoints/history],methods=[GET]}" onto public java.lang.String com.ictwsn.api.APIController.showHistoryDatapoints(javax.servlet.http.HttpServletRequest,javax.servlet.http.HttpServletResponse,int,java.lang.String,java.lang.String)
2016-08-12 10:59:51 INFO [org.springframework.web.servlet.mvc.method.annotation.RequestMappingHandlerMapping] Mapped "{[/v1/sensor/{sensor_id}/datapoints/condition],methods=[GET]}" onto public java.lang.String com.ictwsn.api.APIController.getDatapointsCondition(javax.servlet.http.HttpServletRequest,javax.servlet.http.HttpServletResponse,java.lang.String,java.lang.String,java.lang.String,int)
2016-08-12 10:59:51 INFO [org.springframework.web.servlet.mvc.method.annotation.RequestMappingHandlerMapping] Mapped "{[/v1/datapoints/count],methods=[GET]}" onto public java.lang.String com.ictwsn.api.APIController.getAllDatapointsCount(javax.servlet.http.HttpServletRequest,javax.servlet.http.HttpServletResponse)
2016-08-12 10:59:51 INFO [org.springframework.web.servlet.mvc.method.annotation.RequestMappingHandlerMapping] Mapped "{[/v1/sensor/{sensor_id}/datapoints],methods=[POST],consumes=[application/json]}" onto public java.lang.String com.ictwsn.api.APIController.datapointSimpleBatchInsert(javax.servlet.http.HttpServletRequest,javax.servlet.http.HttpServletResponse,int,int,java.lang.String)
2016-08-12 10:59:51 INFO [org.springframework.web.servlet.mvc.method.annotation.RequestMappingHandlerMapping] Mapped "{[/v1/device/{device_id}/sensor/{sensor_id}/datapoint/{timestamp}],methods=[PUT],consumes=[application/json]}" onto public java.lang.String com.ictwsn.api.APIController.datapointUpdate(javax.servlet.http.HttpServletRequest,javax.servlet.http.HttpServletResponse,int,int,java.lang.String,java.lang.String)
2016-08-12 10:59:51 INFO [org.springframework.web.servlet.mvc.method.annotation.RequestMappingHandlerMapping] Mapped "{[/v1/datapoint/{object_id}],methods=[PUT],consumes=[application/json]}" onto public java.lang.String com.ictwsn.api.APIController.datapointSimpleUpdate(javax.servlet.http.HttpServletRequest,javax.servlet.http.HttpServletResponse,int,java.lang.String,java.lang.String)
2016-08-12 10:59:51 INFO [org.springframework.web.servlet.mvc.method.annotation.RequestMappingHandlerMapping] Mapped "{[/v1/datapoint/{object_id}],methods=[DELETE]}" onto public java.lang.String com.ictwsn.api.APIController.datapointSimpleDelete(javax.servlet.http.HttpServletRequest,javax.servlet.http.HttpServletResponse,java.lang.String)
2016-08-12 10:59:51 INFO [org.springframework.web.servlet.mvc.method.annotation.RequestMappingHandlerMapping] Mapped "{[/v1/device/{device_id}/sensor/{sensor_id}/datapoint],methods=[POST],consumes=[application/json]}" onto public java.lang.String com.ictwsn.api.APIController.datapointInsert(javax.servlet.http.HttpServletRequest,javax.servlet.http.HttpServletResponse,int,int,java.lang.String)
2016-08-12 10:59:51 INFO [org.springframework.web.servlet.mvc.method.annotation.RequestMappingHandlerMapping] Mapped "{[/mvc/jsontest]}" onto public java.lang.String com.ictwsn.mvcController.hello()
2016-08-12 10:59:51 INFO [org.springframework.web.servlet.mvc.method.annotation.RequestMappingHandlerMapping] Mapped "{[/mvc/Test.do],methods=[GET]}" onto public java.lang.String com.ictwsn.mvcController.TestUser(javax.servlet.http.HttpServletRequest,javax.servlet.http.HttpServletResponse)
2016-08-12 10:59:51 INFO [org.springframework.web.servlet.mvc.method.annotation.RequestMappingHandlerMapping] Mapped "{[/mvc/insert]}" onto public java.lang.String com.ictwsn.mvcController.Test()
2016-08-12 10:59:51 INFO [org.springframework.web.servlet.mvc.method.annotation.RequestMappingHandlerMapping] Mapped "{[/user/select],methods=[GET]}" onto public java.lang.String com.ictwsn.user.action.UserAction.selectUser(javax.servlet.http.HttpServletRequest,javax.servlet.http.HttpServletResponse,int)
2016-08-12 10:59:51 INFO [org.springframework.web.servlet.mvc.method.annotation.RequestMappingHandlerMapping] Mapped "{[/user/update],methods=[POST]}" onto public java.lang.String com.ictwsn.user.action.UserAction.updateUser(javax.servlet.http.HttpServletRequest,javax.servlet.http.HttpServletResponse,com.ictwsn.bean.UserBean)
2016-08-12 10:59:51 INFO [org.springframework.web.servlet.mvc.method.annotation.RequestMappingHandlerMapping] Mapped "{[/user/delete],methods=[GET]}" onto public java.lang.String com.ictwsn.user.action.UserAction.deleteUser(javax.servlet.http.HttpServletRequest,javax.servlet.http.HttpServletResponse,int)
2016-08-12 10:59:51 INFO [org.springframework.web.servlet.mvc.method.annotation.RequestMappingHandlerMapping] Mapped "{[/user/changepass],methods=[POST]}" onto public java.lang.String com.ictwsn.user.action.UserAction.changePass(javax.servlet.http.HttpServletRequest,javax.servlet.http.HttpServletResponse,int,java.lang.String,java.lang.String)
2016-08-12 10:59:51 INFO [org.springframework.web.servlet.mvc.method.annotation.RequestMappingHandlerMapping] Mapped "{[/user/create],methods=[POST]}" onto public java.lang.String com.ictwsn.user.action.UserAction.createUser(javax.servlet.http.HttpServletRequest,javax.servlet.http.HttpServletResponse,com.ictwsn.bean.UserBean)
2016-08-12 10:59:51 INFO [org.springframework.web.servlet.mvc.method.annotation.RequestMappingHandlerAdapter] Looking for @ControllerAdvice: WebApplicationContext for namespace 'springMVC-servlet': startup date [Fri Aug 12 10:59:48 CST 2016]; root of context hierarchy
2016-08-12 10:59:51 INFO [org.springframework.web.servlet.mvc.method.annotation.RequestMappingHandlerAdapter] Looking for @ControllerAdvice: WebApplicationContext for namespace 'springMVC-servlet': startup date [Fri Aug 12 10:59:48 CST 2016]; root of context hierarchy
2016-08-12 10:59:51 INFO [org.springframework.web.servlet.mvc.annotation.DefaultAnnotationHandlerMapping] Mapped URL path [/v1/go] onto handler 'APIController'
2016-08-12 10:59:51 INFO [org.springframework.web.servlet.mvc.annotation.DefaultAnnotationHandlerMapping] Mapped URL path [/v1/go.*] onto handler 'APIController'
2016-08-12 10:59:51 INFO [org.springframework.web.servlet.mvc.annotation.DefaultAnnotationHandlerMapping] Mapped URL path [/v1/go/] onto handler 'APIController'
2016-08-12 10:59:51 INFO [org.springframework.web.servlet.mvc.annotation.DefaultAnnotationHandlerMapping] Mapped URL path [/v1/devices] onto handler 'APIController'
2016-08-12 10:59:51 INFO [org.springframework.web.servlet.mvc.annotation.DefaultAnnotationHandlerMapping] Mapped URL path [/v1/devices.*] onto handler 'APIController'
2016-08-12 10:59:51 INFO [org.springframework.web.servlet.mvc.annotation.DefaultAnnotationHandlerMapping] Mapped URL path [/v1/devices/] onto handler 'APIController'
2016-08-12 10:59:51 INFO [org.springframework.web.servlet.mvc.annotation.DefaultAnnotationHandlerMapping] Mapped URL path [/v1/device/{device_id}/sensor/{sensor_id}/datapoint/{timestamp}] onto handler 'APIController'
2016-08-12 10:59:51 INFO [org.springframework.web.servlet.mvc.annotation.DefaultAnnotationHandlerMapping] Mapped URL path [/v1/device/{device_id}/sensor/{sensor_id}/datapoint/{timestamp}.*] onto handler 'APIController'
2016-08-12 10:59:51 INFO [org.springframework.web.servlet.mvc.annotation.DefaultAnnotationHandlerMapping] Mapped URL path [/v1/device/{device_id}/sensor/{sensor_id}/datapoint/{timestamp}/] onto handler 'APIController'
2016-08-12 10:59:51 INFO [org.springframework.web.servlet.mvc.annotation.DefaultAnnotationHandlerMapping] Mapped URL path [/v1/device/{device_id}] onto handler 'APIController'
2016-08-12 10:59:51 INFO [org.springframework.web.servlet.mvc.annotation.DefaultAnnotationHandlerMapping] Mapped URL path [/v1/device/{device_id}.*] onto handler 'APIController'
2016-08-12 10:59:51 INFO [org.springframework.web.servlet.mvc.annotation.DefaultAnnotationHandlerMapping] Mapped URL path [/v1/device/{device_id}/] onto handler 'APIController'
2016-08-12 10:59:51 INFO [org.springframework.web.servlet.mvc.annotation.DefaultAnnotationHandlerMapping] Mapped URL path [/v1/device/{device_id}/sensor/{sensor_id}] onto handler 'APIController'
2016-08-12 10:59:51 INFO [org.springframework.web.servlet.mvc.annotation.DefaultAnnotationHandlerMapping] Mapped URL path [/v1/device/{device_id}/sensor/{sensor_id}.*] onto handler 'APIController'
2016-08-12 10:59:51 INFO [org.springframework.web.servlet.mvc.annotation.DefaultAnnotationHandlerMapping] Mapped URL path [/v1/device/{device_id}/sensor/{sensor_id}/] onto handler 'APIController'
2016-08-12 10:59:51 INFO [org.springframework.web.servlet.mvc.annotation.DefaultAnnotationHandlerMapping] Mapped URL path [/v1/device] onto handler 'APIController'
2016-08-12 10:59:51 INFO [org.springframework.web.servlet.mvc.annotation.DefaultAnnotationHandlerMapping] Mapped URL path [/v1/device.*] onto handler 'APIController'
2016-08-12 10:59:51 INFO [org.springframework.web.servlet.mvc.annotation.DefaultAnnotationHandlerMapping] Mapped URL path [/v1/device/] onto handler 'APIController'
2016-08-12 10:59:51 INFO [org.springframework.web.servlet.mvc.annotation.DefaultAnnotationHandlerMapping] Mapped URL path [/v1/device/{device_id}/sensor] onto handler 'APIController'
2016-08-12 10:59:51 INFO [org.springframework.web.servlet.mvc.annotation.DefaultAnnotationHandlerMapping] Mapped URL path [/v1/device/{device_id}/sensor.*] onto handler 'APIController'
2016-08-12 10:59:51 INFO [org.springframework.web.servlet.mvc.annotation.DefaultAnnotationHandlerMapping] Mapped URL path [/v1/device/{device_id}/sensor/] onto handler 'APIController'
2016-08-12 10:59:51 INFO [org.springframework.web.servlet.mvc.annotation.DefaultAnnotationHandlerMapping] Mapped URL path [/v1/device/{device_id}/sensors] onto handler 'APIController'
2016-08-12 10:59:51 INFO [org.springframework.web.servlet.mvc.annotation.DefaultAnnotationHandlerMapping] Mapped URL path [/v1/device/{device_id}/sensors.*] onto handler 'APIController'
2016-08-12 10:59:51 INFO [org.springframework.web.servlet.mvc.annotation.DefaultAnnotationHandlerMapping] Mapped URL path [/v1/device/{device_id}/sensors/] onto handler 'APIController'
2016-08-12 10:59:51 INFO [org.springframework.web.servlet.mvc.annotation.DefaultAnnotationHandlerMapping] Mapped URL path [/v1/sensor/{sensor_id}/datapoint/{object_id}] onto handler 'APIController'
2016-08-12 10:59:51 INFO [org.springframework.web.servlet.mvc.annotation.DefaultAnnotationHandlerMapping] Mapped URL path [/v1/sensor/{sensor_id}/datapoint/{object_id}.*] onto handler 'APIController'
2016-08-12 10:59:51 INFO [org.springframework.web.servlet.mvc.annotation.DefaultAnnotationHandlerMapping] Mapped URL path [/v1/sensor/{sensor_id}/datapoint/{object_id}/] onto handler 'APIController'
2016-08-12 10:59:51 INFO [org.springframework.web.servlet.mvc.annotation.DefaultAnnotationHandlerMapping] Mapped URL path [/v1/sensor/{sensor_id}/datapoints/count] onto handler 'APIController'
2016-08-12 10:59:51 INFO [org.springframework.web.servlet.mvc.annotation.DefaultAnnotationHandlerMapping] Mapped URL path [/v1/sensor/{sensor_id}/datapoints/count.*] onto handler 'APIController'
2016-08-12 10:59:51 INFO [org.springframework.web.servlet.mvc.annotation.DefaultAnnotationHandlerMapping] Mapped URL path [/v1/sensor/{sensor_id}/datapoints/count/] onto handler 'APIController'
2016-08-12 10:59:51 INFO [org.springframework.web.servlet.mvc.annotation.DefaultAnnotationHandlerMapping] Mapped URL path [/v1/sensor/{sensor_id}/datapoint] onto handler 'APIController'
2016-08-12 10:59:51 INFO [org.springframework.web.servlet.mvc.annotation.DefaultAnnotationHandlerMapping] Mapped URL path [/v1/sensor/{sensor_id}/datapoint.*] onto handler 'APIController'
2016-08-12 10:59:51 INFO [org.springframework.web.servlet.mvc.annotation.DefaultAnnotationHandlerMapping] Mapped URL path [/v1/sensor/{sensor_id}/datapoint/] onto handler 'APIController'
2016-08-12 10:59:51 INFO [org.springframework.web.servlet.mvc.annotation.DefaultAnnotationHandlerMapping] Mapped URL path [/v1/device/{device_id}/sensors/information] onto handler 'APIController'
2016-08-12 10:59:51 INFO [org.springframework.web.servlet.mvc.annotation.DefaultAnnotationHandlerMapping] Mapped URL path [/v1/device/{device_id}/sensors/information.*] onto handler 'APIController'
2016-08-12 10:59:51 INFO [org.springframework.web.servlet.mvc.annotation.DefaultAnnotationHandlerMapping] Mapped URL path [/v1/device/{device_id}/sensors/information/] onto handler 'APIController'
2016-08-12 10:59:51 INFO [org.springframework.web.servlet.mvc.annotation.DefaultAnnotationHandlerMapping] Mapped URL path [/v1/device/{device_id}/sensor/{sensor_id}/datapoints] onto handler 'APIController'
2016-08-12 10:59:51 INFO [org.springframework.web.servlet.mvc.annotation.DefaultAnnotationHandlerMapping] Mapped URL path [/v1/device/{device_id}/sensor/{sensor_id}/datapoints.*] onto handler 'APIController'
2016-08-12 10:59:51 INFO [org.springframework.web.servlet.mvc.annotation.DefaultAnnotationHandlerMapping] Mapped URL path [/v1/device/{device_id}/sensor/{sensor_id}/datapoints/] onto handler 'APIController'
2016-08-12 10:59:51 INFO [org.springframework.web.servlet.mvc.annotation.DefaultAnnotationHandlerMapping] Mapped URL path [/v1/sensor/{sensor_id}/datapoints/history] onto handler 'APIController'
2016-08-12 10:59:51 INFO [org.springframework.web.servlet.mvc.annotation.DefaultAnnotationHandlerMapping] Mapped URL path [/v1/sensor/{sensor_id}/datapoints/history.*] onto handler 'APIController'
2016-08-12 10:59:51 INFO [org.springframework.web.servlet.mvc.annotation.DefaultAnnotationHandlerMapping] Mapped URL path [/v1/sensor/{sensor_id}/datapoints/history/] onto handler 'APIController'
2016-08-12 10:59:51 INFO [org.springframework.web.servlet.mvc.annotation.DefaultAnnotationHandlerMapping] Mapped URL path [/v1/sensor/{sensor_id}/datapoints/condition] onto handler 'APIController'
2016-08-12 10:59:51 INFO [org.springframework.web.servlet.mvc.annotation.DefaultAnnotationHandlerMapping] Mapped URL path [/v1/sensor/{sensor_id}/datapoints/condition.*] onto handler 'APIController'
2016-08-12 10:59:51 INFO [org.springframework.web.servlet.mvc.annotation.DefaultAnnotationHandlerMapping] Mapped URL path [/v1/sensor/{sensor_id}/datapoints/condition/] onto handler 'APIController'
2016-08-12 10:59:51 INFO [org.springframework.web.servlet.mvc.annotation.DefaultAnnotationHandlerMapping] Mapped URL path [/v1/datapoints/count] onto handler 'APIController'
2016-08-12 10:59:51 INFO [org.springframework.web.servlet.mvc.annotation.DefaultAnnotationHandlerMapping] Mapped URL path [/v1/datapoints/count.*] onto handler 'APIController'
2016-08-12 10:59:51 INFO [org.springframework.web.servlet.mvc.annotation.DefaultAnnotationHandlerMapping] Mapped URL path [/v1/datapoints/count/] onto handler 'APIController'
2016-08-12 10:59:51 INFO [org.springframework.web.servlet.mvc.annotation.DefaultAnnotationHandlerMapping] Mapped URL path [/v1/sensor/{sensor_id}/datapoints] onto handler 'APIController'
2016-08-12 10:59:51 INFO [org.springframework.web.servlet.mvc.annotation.DefaultAnnotationHandlerMapping] Mapped URL path [/v1/sensor/{sensor_id}/datapoints.*] onto handler 'APIController'
2016-08-12 10:59:51 INFO [org.springframework.web.servlet.mvc.annotation.DefaultAnnotationHandlerMapping] Mapped URL path [/v1/sensor/{sensor_id}/datapoints/] onto handler 'APIController'
2016-08-12 10:59:51 INFO [org.springframework.web.servlet.mvc.annotation.DefaultAnnotationHandlerMapping] Mapped URL path [/v1/datapoint/{object_id}] onto handler 'APIController'
2016-08-12 10:59:51 INFO [org.springframework.web.servlet.mvc.annotation.DefaultAnnotationHandlerMapping] Mapped URL path [/v1/datapoint/{object_id}.*] onto handler 'APIController'
2016-08-12 10:59:51 INFO [org.springframework.web.servlet.mvc.annotation.DefaultAnnotationHandlerMapping] Mapped URL path [/v1/datapoint/{object_id}/] onto handler 'APIController'
2016-08-12 10:59:51 INFO [org.springframework.web.servlet.mvc.annotation.DefaultAnnotationHandlerMapping] Mapped URL path [/v1/device/{device_id}/sensor/{sensor_id}/datapoint] onto handler 'APIController'
2016-08-12 10:59:51 INFO [org.springframework.web.servlet.mvc.annotation.DefaultAnnotationHandlerMapping] Mapped URL path [/v1/device/{device_id}/sensor/{sensor_id}/datapoint.*] onto handler 'APIController'
2016-08-12 10:59:51 INFO [org.springframework.web.servlet.mvc.annotation.DefaultAnnotationHandlerMapping] Mapped URL path [/v1/device/{device_id}/sensor/{sensor_id}/datapoint/] onto handler 'APIController'
2016-08-12 10:59:51 INFO [org.springframework.web.servlet.mvc.annotation.DefaultAnnotationHandlerMapping] Mapped URL path [/mvc/jsontest] onto handler 'mvcController'
2016-08-12 10:59:51 INFO [org.springframework.web.servlet.mvc.annotation.DefaultAnnotationHandlerMapping] Mapped URL path [/mvc/jsontest.*] onto handler 'mvcController'
2016-08-12 10:59:51 INFO [org.springframework.web.servlet.mvc.annotation.DefaultAnnotationHandlerMapping] Mapped URL path [/mvc/jsontest/] onto handler 'mvcController'
2016-08-12 10:59:51 INFO [org.springframework.web.servlet.mvc.annotation.DefaultAnnotationHandlerMapping] Mapped URL path [/mvc/Test.do] onto handler 'mvcController'
2016-08-12 10:59:51 INFO [org.springframework.web.servlet.mvc.annotation.DefaultAnnotationHandlerMapping] Mapped URL path [/mvc/insert] onto handler 'mvcController'
2016-08-12 10:59:51 INFO [org.springframework.web.servlet.mvc.annotation.DefaultAnnotationHandlerMapping] Mapped URL path [/mvc/insert.*] onto handler 'mvcController'
2016-08-12 10:59:51 INFO [org.springframework.web.servlet.mvc.annotation.DefaultAnnotationHandlerMapping] Mapped URL path [/mvc/insert/] onto handler 'mvcController'
2016-08-12 10:59:51 INFO [org.springframework.web.servlet.mvc.annotation.DefaultAnnotationHandlerMapping] Mapped URL path [/user/select] onto handler 'userAction'
2016-08-12 10:59:51 INFO [org.springframework.web.servlet.mvc.annotation.DefaultAnnotationHandlerMapping] Mapped URL path [/user/select.*] onto handler 'userAction'
2016-08-12 10:59:51 INFO [org.springframework.web.servlet.mvc.annotation.DefaultAnnotationHandlerMapping] Mapped URL path [/user/select/] onto handler 'userAction'
2016-08-12 10:59:51 INFO [org.springframework.web.servlet.mvc.annotation.DefaultAnnotationHandlerMapping] Mapped URL path [/user/update] onto handler 'userAction'
2016-08-12 10:59:51 INFO [org.springframework.web.servlet.mvc.annotation.DefaultAnnotationHandlerMapping] Mapped URL path [/user/update.*] onto handler 'userAction'
2016-08-12 10:59:51 INFO [org.springframework.web.servlet.mvc.annotation.DefaultAnnotationHandlerMapping] Mapped URL path [/user/update/] onto handler 'userAction'
2016-08-12 10:59:51 INFO [org.springframework.web.servlet.mvc.annotation.DefaultAnnotationHandlerMapping] Mapped URL path [/user/delete] onto handler 'userAction'
2016-08-12 10:59:51 INFO [org.springframework.web.servlet.mvc.annotation.DefaultAnnotationHandlerMapping] Mapped URL path [/user/delete.*] onto handler 'userAction'
2016-08-12 10:59:51 INFO [org.springframework.web.servlet.mvc.annotation.DefaultAnnotationHandlerMapping] Mapped URL path [/user/delete/] onto handler 'userAction'
2016-08-12 10:59:51 INFO [org.springframework.web.servlet.mvc.annotation.DefaultAnnotationHandlerMapping] Mapped URL path [/user/changepass] onto handler 'userAction'
2016-08-12 10:59:51 INFO [org.springframework.web.servlet.mvc.annotation.DefaultAnnotationHandlerMapping] Mapped URL path [/user/changepass.*] onto handler 'userAction'
2016-08-12 10:59:51 INFO [org.springframework.web.servlet.mvc.annotation.DefaultAnnotationHandlerMapping] Mapped URL path [/user/changepass/] onto handler 'userAction'
2016-08-12 10:59:51 INFO [org.springframework.web.servlet.mvc.annotation.DefaultAnnotationHandlerMapping] Mapped URL path [/user/create] onto handler 'userAction'
2016-08-12 10:59:51 INFO [org.springframework.web.servlet.mvc.annotation.DefaultAnnotationHandlerMapping] Mapped URL path [/user/create.*] onto handler 'userAction'
2016-08-12 10:59:51 INFO [org.springframework.web.servlet.mvc.annotation.DefaultAnnotationHandlerMapping] Mapped URL path [/user/create/] onto handler 'userAction'
2016-08-12 10:59:52 INFO [org.springframework.web.servlet.DispatcherServlet] FrameworkServlet 'springMVC': initialization completed in 4077 ms
2016-08-12 10:59:55 INFO [org.springframework.web.context.support.XmlWebApplicationContext] Closing WebApplicationContext for namespace 'springMVC-servlet': startup date [Fri Aug 12 10:59:48 CST 2016]; root of context hierarchy
2016-08-12 10:59:55 INFO [com.alibaba.druid.pool.DruidDataSource] {dataSource-1} closed
